[0m[[0minfo[0m] [0m[32mSeleniumTesting:[0m[0m
[0m[[0minfo[0m] [0m[32mA user[0m[0m
[0m[[0minfo[0m] [0m[32m- should visit on flipkart.com[0m[0m
[0m[[0minfo[0m] [0m[32muser[0m[0m
[0m[[0minfo[0m] [0m[32m- should logged in[0m[0m
[0m[[0minfo[0m] [0m[32muser[0m[0m
[0m[[0minfo[0m] [0m[32m- should search a product and buy it[0m[0m
[0m[[0minfo[0m] [0m[32muser[0m[0m
[0m[[0minfo[0m] [0m[31m- should place order *** FAILED ***[0m[0m
[0m[[0minfo[0m] [0m[31m  org.openqa.selenium.NoSuchElementException: no such element: Unable to locate element: {"method":"id","selector":"name"}[0m[0m
[0m[[0minfo[0m] [0m[31m  (Session info: chrome=57.0.2987.110)[0m[0m
[0m[[0minfo[0m] [0m[31m  (Driver info: chromedriver=2.28.455506 (18f6627e265f442aeec9b6661a49fe819aeeea1f),platform=Linux 4.4.0-66-generic x86_64) (WARNING: The server did not provide any stacktrace information)[0m[0m
[0m[[0minfo[0m] [0m[31mCommand duration or timeout: 20.07 seconds[0m[0m
[0m[[0minfo[0m] [0m[31mFor documentation on this error, please visit: http://seleniumhq.org/exceptions/no_such_element.html[0m[0m
[0m[[0minfo[0m] [0m[31mBuild info: version: '3.3.0', revision: 'b526bd5b41', time: '2017-03-07 19:26:04 +0000'[0m[0m
[0m[[0minfo[0m] [0m[31mSystem info: host: 'knoldus-Vostro-1550', ip: '127.0.0.1', os.name: 'Linux', os.arch: 'amd64', os.version: '4.4.0-66-generic', java.version: '1.8.0_121'[0m[0m
[0m[[0minfo[0m] [0m[31mDriver info: org.openqa.selenium.chrome.ChromeDriver[0m[0m
[0m[[0minfo[0m] [0m[31mCapabilities [{applicationCacheEnabled=false, rotatable=false, mobileEmulationEnabled=false, networkConnectionEnabled=false, chrome={chromedriverVersion=2.28.455506 (18f6627e265f442aeec9b6661a49fe819aeeea1f), userDataDir=/tmp/.org.chromium.Chromium.6Lme64}, takesHeapSnapshot=true, pageLoadStrategy=normal, databaseEnabled=false, handlesAlerts=true, hasTouchScreen=false, version=57.0.2987.110, platform=LINUX, browserConnectionEnabled=false, nativeEvents=true, acceptSslCerts=true, locationContextEnabled=true, webStorageEnabled=true, browserName=chrome, takesScreenshot=true, javascriptEnabled=true, cssSelectorsEnabled=true, unexpectedAlertBehaviour=}][0m[0m
[0m[[0minfo[0m] [0m[31mSession ID: d8e5f892b346b289311a814e5b4a0f3c[0m[0m
[0m[[0minfo[0m] [0m[31m*** Element info: {Using=id, value=name}[0m[0m
[0m[[0minfo[0m] [0m[31m  at sun.reflect.NativeConstructorAccessorImpl.newInstance0(Native Method)[0m[0m
[0m[[0minfo[0m] [0m[31m  at sun.reflect.NativeConstructorAccessorImpl.newInstance(NativeConstructorAccessorImpl.java:62)[0m[0m
[0m[[0minfo[0m] [0m[31m  at sun.reflect.DelegatingConstructorAccessorImpl.newInstance(DelegatingConstructorAccessorImpl.java:45)[0m[0m
[0m[[0minfo[0m] [0m[31m  at java.lang.reflect.Constructor.newInstance(Constructor.java:423)[0m[0m
[0m[[0minfo[0m] [0m[31m  at org.openqa.selenium.remote.ErrorHandler.createThrowable(ErrorHandler.java:216)[0m[0m
[0m[[0minfo[0m] [0m[31m  at org.openqa.selenium.remote.ErrorHandler.throwIfResponseFailed(ErrorHandler.java:168)[0m[0m
[0m[[0minfo[0m] [0m[31m  at org.openqa.selenium.remote.RemoteWebDriver.execute(RemoteWebDriver.java:638)[0m[0m
[0m[[0minfo[0m] [0m[31m  at org.openqa.selenium.remote.RemoteWebDriver.findElement(RemoteWebDriver.java:371)[0m[0m
[0m[[0minfo[0m] [0m[31m  at org.openqa.selenium.remote.RemoteWebDriver.findElementById(RemoteWebDriver.java:420)[0m[0m
[0m[[0minfo[0m] [0m[31m  at SeleniumTesting.$anonfun$new$4(SeleniumTesting.scala:66)[0m[0m
[0m[[0minfo[0m] [0m[31m  ...[0m[0m
[0m[[0minfo[0m] [0m[32muser[0m[0m
[0m[[0minfo[0m] [0m[32m- should logout[0m[0m
